<?xml version="1.0" encoding="UTF-8"?>
<testsuite xmlns:xsi="http://www.w3.org/2001/XMLSchema-instance" xsi:noNamespaceSchemaLocation="https://maven.apache.org/surefire/maven-surefire-plugin/xsd/surefire-test-report.xsd" name="parallel.ParallelRun" time="56.615" tests="11" errors="0" skipped="0" failures="4">
  <properties>
    <property name="gopherProxySet" value="false"/>
    <property name="awt.toolkit" value="sun.lwawt.macosx.LWCToolkit"/>
    <property name="file.encoding.pkg" value="sun.io"/>
    <property name="java.specification.version" value="1.8"/>
    <property name="sun.cpu.isalist" value=""/>
    <property name="sun.jnu.encoding" value="UTF-8"/>
    <property name="java.class.path" value="/Users/pradeepsingh/Desktop/Automation/AnthivAutomationSolution/target/test-classes:/Users/pradeepsingh/Desktop/Automation/AnthivAutomationSolution/target/classes:/Users/pradeepsingh/.m2/repository/io/cucumber/cucumber-java/6.9.0/cucumber-java-6.9.0.jar:/Users/pradeepsingh/.m2/repository/io/cucumber/cucumber-core/6.9.0/cucumber-core-6.9.0.jar:/Users/pradeepsingh/.m2/repository/io/cucumber/cucumber-gherkin/6.9.0/cucumber-gherkin-6.9.0.jar:/Users/pradeepsingh/.m2/repository/io/cucumber/cucumber-gherkin-messages/6.9.0/cucumber-gherkin-messages-6.9.0.jar:/Users/pradeepsingh/.m2/repository/io/cucumber/messages/13.2.0/messages-13.2.0.jar:/Users/pradeepsingh/.m2/repository/io/cucumber/tag-expressions/3.0.0/tag-expressions-3.0.0.jar:/Users/pradeepsingh/.m2/repository/io/cucumber/cucumber-expressions/10.3.0/cucumber-expressions-10.3.0.jar:/Users/pradeepsingh/.m2/repository/io/cucumber/datatable/3.5.0/datatable-3.5.0.jar:/Users/pradeepsingh/.m2/repository/io/cucumber/cucumber-plugin/6.9.0/cucumber-plugin-6.9.0.jar:/Users/pradeepsingh/.m2/repository/io/cucumber/docstring/6.9.0/docstring-6.9.0.jar:/Users/pradeepsingh/.m2/repository/io/cucumber/html-formatter/9.0.0/html-formatter-9.0.0.jar:/Users/pradeepsingh/.m2/repository/io/cucumber/create-meta/2.0.4/create-meta-2.0.4.jar:/Users/pradeepsingh/.m2/repository/org/apiguardian/apiguardian-api/1.1.0/apiguardian-api-1.1.0.jar:/Users/pradeepsingh/.m2/repository/io/cucumber/cucumber-junit/6.9.0/cucumber-junit-6.9.0.jar:/Users/pradeepsingh/.m2/repository/junit/junit/4.13.1/junit-4.13.1.jar:/Users/pradeepsingh/.m2/repository/org/hamcrest/hamcrest-core/1.3/hamcrest-core-1.3.jar:/Users/pradeepsingh/.m2/repository/org/seleniumhq/selenium/selenium-java/3.141.59/selenium-java-3.141.59.jar:/Users/pradeepsingh/.m2/repository/org/seleniumhq/selenium/selenium-api/3.141.59/selenium-api-3.141.59.jar:/Users/pradeepsingh/.m2/repository/org/seleniumhq/selenium/selenium-chrome-driver/3.141.59/selenium-chrome-driver-3.141.59.jar:/Users/pradeepsingh/.m2/repository/org/seleniumhq/selenium/selenium-edge-driver/3.141.59/selenium-edge-driver-3.141.59.jar:/Users/pradeepsingh/.m2/repository/org/seleniumhq/selenium/selenium-firefox-driver/3.141.59/selenium-firefox-driver-3.141.59.jar:/Users/pradeepsingh/.m2/repository/org/seleniumhq/selenium/selenium-ie-driver/3.141.59/selenium-ie-driver-3.141.59.jar:/Users/pradeepsingh/.m2/repository/org/seleniumhq/selenium/selenium-opera-driver/3.141.59/selenium-opera-driver-3.141.59.jar:/Users/pradeepsingh/.m2/repository/org/seleniumhq/selenium/selenium-remote-driver/3.141.59/selenium-remote-driver-3.141.59.jar:/Users/pradeepsingh/.m2/repository/org/seleniumhq/selenium/selenium-safari-driver/3.141.59/selenium-safari-driver-3.141.59.jar:/Users/pradeepsingh/.m2/repository/org/seleniumhq/selenium/selenium-support/3.141.59/selenium-support-3.141.59.jar:/Users/pradeepsingh/.m2/repository/net/bytebuddy/byte-buddy/1.8.15/byte-buddy-1.8.15.jar:/Users/pradeepsingh/.m2/repository/org/apache/commons/commons-exec/1.3/commons-exec-1.3.jar:/Users/pradeepsingh/.m2/repository/com/google/guava/guava/25.0-jre/guava-25.0-jre.jar:/Users/pradeepsingh/.m2/repository/com/google/code/findbugs/jsr305/1.3.9/jsr305-1.3.9.jar:/Users/pradeepsingh/.m2/repository/org/checkerframework/checker-compat-qual/2.0.0/checker-compat-qual-2.0.0.jar:/Users/pradeepsingh/.m2/repository/com/google/errorprone/error_prone_annotations/2.1.3/error_prone_annotations-2.1.3.jar:/Users/pradeepsingh/.m2/repository/com/google/j2objc/j2objc-annotations/1.1/j2objc-annotations-1.1.jar:/Users/pradeepsingh/.m2/repository/org/codehaus/mojo/animal-sniffer-annotations/1.14/animal-sniffer-annotations-1.14.jar:/Users/pradeepsingh/.m2/repository/com/squareup/okhttp3/okhttp/3.11.0/okhttp-3.11.0.jar:/Users/pradeepsingh/.m2/repository/com/squareup/okio/okio/1.14.0/okio-1.14.0.jar:/Users/pradeepsingh/.m2/repository/io/github/bonigarcia/webdrivermanager/4.2.2/webdrivermanager-4.2.2.jar:/Users/pradeepsingh/.m2/repository/org/slf4j/slf4j-api/1.7.30/slf4j-api-1.7.30.jar:/Users/pradeepsingh/.m2/repository/commons-io/commons-io/2.8.0/commons-io-2.8.0.jar:/Users/pradeepsingh/.m2/repository/com/google/code/gson/gson/2.8.6/gson-2.8.6.jar:/Users/pradeepsingh/.m2/repository/org/apache/commons/commons-lang3/3.11/commons-lang3-3.11.jar:/Users/pradeepsingh/.m2/repository/org/apache/httpcomponents/client5/httpclient5/5.0.1/httpclient5-5.0.1.jar:/Users/pradeepsingh/.m2/repository/org/apache/httpcomponents/core5/httpcore5/5.0.1/httpcore5-5.0.1.jar:/Users/pradeepsingh/.m2/repository/org/apache/httpcomponents/core5/httpcore5-h2/5.0.1/httpcore5-h2-5.0.1.jar:/Users/pradeepsingh/.m2/repository/org/rauschig/jarchivelib/1.1.0/jarchivelib-1.1.0.jar:/Users/pradeepsingh/.m2/repository/org/jsoup/jsoup/1.13.1/jsoup-1.13.1.jar:/Users/pradeepsingh/.m2/repository/tech/grasshopper/extentreports-cucumber6-adapter/2.6.0/extentreports-cucumber6-adapter-2.6.0.jar:/Users/pradeepsingh/.m2/repository/com/aventstack/extentreports/5.0.5/extentreports-5.0.5.jar:/Users/pradeepsingh/.m2/repository/io/reactivex/rxjava3/rxjava/3.0.4/rxjava-3.0.4.jar:/Users/pradeepsingh/.m2/repository/org/reactivestreams/reactive-streams/1.0.3/reactive-streams-1.0.3.jar:/Users/pradeepsingh/.m2/repository/org/freemarker/freemarker/2.3.30/freemarker-2.3.30.jar:/Users/pradeepsingh/.m2/repository/org/projectlombok/lombok/1.18.12/lombok-1.18.12.jar:/Users/pradeepsingh/.m2/repository/tech/grasshopper/extent-pdf-report/1.5.0/extent-pdf-report-1.5.0.jar:/Users/pradeepsingh/.m2/repository/tech/grasshopper/cucumber-pdf-report/1.7.0/cucumber-pdf-report-1.7.0.jar:/Users/pradeepsingh/.m2/repository/org/apache/pdfbox/pdfbox/2.0.21/pdfbox-2.0.21.jar:/Users/pradeepsingh/.m2/repository/org/apache/pdfbox/fontbox/2.0.21/fontbox-2.0.21.jar:/Users/pradeepsingh/.m2/repository/org/knowm/xchart/xchart/3.6.5/xchart-3.6.5.jar:/Users/pradeepsingh/.m2/repository/de/erichseifert/vectorgraphics2d/VectorGraphics2D/0.13/VectorGraphics2D-0.13.jar:/Users/pradeepsingh/.m2/repository/de/rototor/pdfbox/graphics2d/0.27/graphics2d-0.27.jar:/Users/pradeepsingh/.m2/repository/com/madgag/animated-gif-lib/1.4/animated-gif-lib-1.4.jar:/Users/pradeepsingh/.m2/repository/com/github/vandeseer/easytable/0.7.1/easytable-0.7.1.jar:/Users/pradeepsingh/.m2/repository/com/github/ralfstuckert/pdfbox-layout/pdfbox2-layout/1.0.0/pdfbox2-layout-1.0.0.jar:/Users/pradeepsingh/.m2/repository/org/yaml/snakeyaml/1.27/snakeyaml-1.27.jar:/Users/pradeepsingh/.m2/repository/com/aventstack/klov-reporter/5.0.5/klov-reporter-5.0.5.jar:/Users/pradeepsingh/.m2/repository/org/mongodb/bson/3.6.4/bson-3.6.4.jar:/Users/pradeepsingh/.m2/repository/org/apache/httpcomponents/httpclient/4.5.2/httpclient-4.5.2.jar:/Users/pradeepsingh/.m2/repository/org/apache/httpcomponents/httpcore/4.4.4/httpcore-4.4.4.jar:/Users/pradeepsingh/.m2/repository/commons-logging/commons-logging/1.2/commons-logging-1.2.jar:/Users/pradeepsingh/.m2/repository/org/apache/httpcomponents/httpmime/4.5.2/httpmime-4.5.2.jar:/Users/pradeepsingh/.m2/repository/org/mongodb/mongodb-driver/3.3.0/mongodb-driver-3.3.0.jar:/Users/pradeepsingh/.m2/repository/org/mongodb/mongodb-driver-core/3.3.0/mongodb-driver-core-3.3.0.jar:/Users/pradeepsingh/.m2/repository/org/testng/testng/6.14.3/testng-6.14.3.jar:/Users/pradeepsingh/.m2/repository/com/beust/jcommander/1.72/jcommander-1.72.jar:/Users/pradeepsingh/.m2/repository/org/apache-extras/beanshell/bsh/2.0b6/bsh-2.0b6.jar:/Users/pradeepsingh/.m2/repository/io/cucumber/cucumber-testng/6.9.0/cucumber-testng-6.9.0.jar:/Users/pradeepsingh/.m2/repository/org/apache/poi/poi/4.1.2/poi-4.1.2.jar:/Users/pradeepsingh/.m2/repository/commons-codec/commons-codec/1.13/commons-codec-1.13.jar:/Users/pradeepsingh/.m2/repository/org/apache/commons/commons-collections4/4.4/commons-collections4-4.4.jar:/Users/pradeepsingh/.m2/repository/org/apache/commons/commons-math3/3.6.1/commons-math3-3.6.1.jar:/Users/pradeepsingh/.m2/repository/com/zaxxer/SparseBitSet/1.2/SparseBitSet-1.2.jar:/Users/pradeepsingh/.m2/repository/org/apache/poi/poi-ooxml/4.1.2/poi-ooxml-4.1.2.jar:/Users/pradeepsingh/.m2/repository/org/apache/poi/poi-ooxml-schemas/4.1.2/poi-ooxml-schemas-4.1.2.jar:/Users/pradeepsingh/.m2/repository/org/apache/xmlbeans/xmlbeans/3.1.0/xmlbeans-3.1.0.jar:/Users/pradeepsingh/.m2/repository/org/apache/commons/commons-compress/1.19/commons-compress-1.19.jar:/Users/pradeepsingh/.m2/repository/com/github/virtuald/curvesapi/1.06/curvesapi-1.06.jar:"/>
    <property name="java.vm.vendor" value="Oracle Corporation"/>
    <property name="sun.arch.data.model" value="64"/>
    <property name="java.vendor.url" value="http://java.oracle.com/"/>
    <property name="user.timezone" value=""/>
    <property name="java.vm.specification.version" value="1.8"/>
    <property name="os.name" value="Mac OS X"/>
    <property name="user.country" value="IN"/>
    <property name="sun.java.launcher" value="SUN_STANDARD"/>
    <property name="sun.boot.library.path" value="/Library/Java/JavaVirtualMachines/jdk1.8.0_281.jdk/Contents/Home/jre/lib"/>
    <property name="sun.java.command" value="/Users/pradeepsingh/Desktop/Automation/AnthivAutomationSolution/target/surefire/surefirebooter6639592823376256350.jar /Users/pradeepsingh/Desktop/Automation/AnthivAutomationSolution/target/surefire 2021-03-28T22-39-44_282-jvmRun1 surefire8413115275093136589tmp surefire_01445195990618040827tmp"/>
    <property name="http.nonProxyHosts" value="local|*.local|169.254/16|*.169.254/16"/>
    <property name="surefire.test.class.path" value="/Users/pradeepsingh/Desktop/Automation/AnthivAutomationSolution/target/test-classes:/Users/pradeepsingh/Desktop/Automation/AnthivAutomationSolution/target/classes:/Users/pradeepsingh/.m2/repository/io/cucumber/cucumber-java/6.9.0/cucumber-java-6.9.0.jar:/Users/pradeepsingh/.m2/repository/io/cucumber/cucumber-core/6.9.0/cucumber-core-6.9.0.jar:/Users/pradeepsingh/.m2/repository/io/cucumber/cucumber-gherkin/6.9.0/cucumber-gherkin-6.9.0.jar:/Users/pradeepsingh/.m2/repository/io/cucumber/cucumber-gherkin-messages/6.9.0/cucumber-gherkin-messages-6.9.0.jar:/Users/pradeepsingh/.m2/repository/io/cucumber/messages/13.2.0/messages-13.2.0.jar:/Users/pradeepsingh/.m2/repository/io/cucumber/tag-expressions/3.0.0/tag-expressions-3.0.0.jar:/Users/pradeepsingh/.m2/repository/io/cucumber/cucumber-expressions/10.3.0/cucumber-expressions-10.3.0.jar:/Users/pradeepsingh/.m2/repository/io/cucumber/datatable/3.5.0/datatable-3.5.0.jar:/Users/pradeepsingh/.m2/repository/io/cucumber/cucumber-plugin/6.9.0/cucumber-plugin-6.9.0.jar:/Users/pradeepsingh/.m2/repository/io/cucumber/docstring/6.9.0/docstring-6.9.0.jar:/Users/pradeepsingh/.m2/repository/io/cucumber/html-formatter/9.0.0/html-formatter-9.0.0.jar:/Users/pradeepsingh/.m2/repository/io/cucumber/create-meta/2.0.4/create-meta-2.0.4.jar:/Users/pradeepsingh/.m2/repository/org/apiguardian/apiguardian-api/1.1.0/apiguardian-api-1.1.0.jar:/Users/pradeepsingh/.m2/repository/io/cucumber/cucumber-junit/6.9.0/cucumber-junit-6.9.0.jar:/Users/pradeepsingh/.m2/repository/junit/junit/4.13.1/junit-4.13.1.jar:/Users/pradeepsingh/.m2/repository/org/hamcrest/hamcrest-core/1.3/hamcrest-core-1.3.jar:/Users/pradeepsingh/.m2/repository/org/seleniumhq/selenium/selenium-java/3.141.59/selenium-java-3.141.59.jar:/Users/pradeepsingh/.m2/repository/org/seleniumhq/selenium/selenium-api/3.141.59/selenium-api-3.141.59.jar:/Users/pradeepsingh/.m2/repository/org/seleniumhq/selenium/selenium-chrome-driver/3.141.59/selenium-chrome-driver-3.141.59.jar:/Users/pradeepsingh/.m2/repository/org/seleniumhq/selenium/selenium-edge-driver/3.141.59/selenium-edge-driver-3.141.59.jar:/Users/pradeepsingh/.m2/repository/org/seleniumhq/selenium/selenium-firefox-driver/3.141.59/selenium-firefox-driver-3.141.59.jar:/Users/pradeepsingh/.m2/repository/org/seleniumhq/selenium/selenium-ie-driver/3.141.59/selenium-ie-driver-3.141.59.jar:/Users/pradeepsingh/.m2/repository/org/seleniumhq/selenium/selenium-opera-driver/3.141.59/selenium-opera-driver-3.141.59.jar:/Users/pradeepsingh/.m2/repository/org/seleniumhq/selenium/selenium-remote-driver/3.141.59/selenium-remote-driver-3.141.59.jar:/Users/pradeepsingh/.m2/repository/org/seleniumhq/selenium/selenium-safari-driver/3.141.59/selenium-safari-driver-3.141.59.jar:/Users/pradeepsingh/.m2/repository/org/seleniumhq/selenium/selenium-support/3.141.59/selenium-support-3.141.59.jar:/Users/pradeepsingh/.m2/repository/net/bytebuddy/byte-buddy/1.8.15/byte-buddy-1.8.15.jar:/Users/pradeepsingh/.m2/repository/org/apache/commons/commons-exec/1.3/commons-exec-1.3.jar:/Users/pradeepsingh/.m2/repository/com/google/guava/guava/25.0-jre/guava-25.0-jre.jar:/Users/pradeepsingh/.m2/repository/com/google/code/findbugs/jsr305/1.3.9/jsr305-1.3.9.jar:/Users/pradeepsingh/.m2/repository/org/checkerframework/checker-compat-qual/2.0.0/checker-compat-qual-2.0.0.jar:/Users/pradeepsingh/.m2/repository/com/google/errorprone/error_prone_annotations/2.1.3/error_prone_annotations-2.1.3.jar:/Users/pradeepsingh/.m2/repository/com/google/j2objc/j2objc-annotations/1.1/j2objc-annotations-1.1.jar:/Users/pradeepsingh/.m2/repository/org/codehaus/mojo/animal-sniffer-annotations/1.14/animal-sniffer-annotations-1.14.jar:/Users/pradeepsingh/.m2/repository/com/squareup/okhttp3/okhttp/3.11.0/okhttp-3.11.0.jar:/Users/pradeepsingh/.m2/repository/com/squareup/okio/okio/1.14.0/okio-1.14.0.jar:/Users/pradeepsingh/.m2/repository/io/github/bonigarcia/webdrivermanager/4.2.2/webdrivermanager-4.2.2.jar:/Users/pradeepsingh/.m2/repository/org/slf4j/slf4j-api/1.7.30/slf4j-api-1.7.30.jar:/Users/pradeepsingh/.m2/repository/commons-io/commons-io/2.8.0/commons-io-2.8.0.jar:/Users/pradeepsingh/.m2/repository/com/google/code/gson/gson/2.8.6/gson-2.8.6.jar:/Users/pradeepsingh/.m2/repository/org/apache/commons/commons-lang3/3.11/commons-lang3-3.11.jar:/Users/pradeepsingh/.m2/repository/org/apache/httpcomponents/client5/httpclient5/5.0.1/httpclient5-5.0.1.jar:/Users/pradeepsingh/.m2/repository/org/apache/httpcomponents/core5/httpcore5/5.0.1/httpcore5-5.0.1.jar:/Users/pradeepsingh/.m2/repository/org/apache/httpcomponents/core5/httpcore5-h2/5.0.1/httpcore5-h2-5.0.1.jar:/Users/pradeepsingh/.m2/repository/org/rauschig/jarchivelib/1.1.0/jarchivelib-1.1.0.jar:/Users/pradeepsingh/.m2/repository/org/jsoup/jsoup/1.13.1/jsoup-1.13.1.jar:/Users/pradeepsingh/.m2/repository/tech/grasshopper/extentreports-cucumber6-adapter/2.6.0/extentreports-cucumber6-adapter-2.6.0.jar:/Users/pradeepsingh/.m2/repository/com/aventstack/extentreports/5.0.5/extentreports-5.0.5.jar:/Users/pradeepsingh/.m2/repository/io/reactivex/rxjava3/rxjava/3.0.4/rxjava-3.0.4.jar:/Users/pradeepsingh/.m2/repository/org/reactivestreams/reactive-streams/1.0.3/reactive-streams-1.0.3.jar:/Users/pradeepsingh/.m2/repository/org/freemarker/freemarker/2.3.30/freemarker-2.3.30.jar:/Users/pradeepsingh/.m2/repository/org/projectlombok/lombok/1.18.12/lombok-1.18.12.jar:/Users/pradeepsingh/.m2/repository/tech/grasshopper/extent-pdf-report/1.5.0/extent-pdf-report-1.5.0.jar:/Users/pradeepsingh/.m2/repository/tech/grasshopper/cucumber-pdf-report/1.7.0/cucumber-pdf-report-1.7.0.jar:/Users/pradeepsingh/.m2/repository/org/apache/pdfbox/pdfbox/2.0.21/pdfbox-2.0.21.jar:/Users/pradeepsingh/.m2/repository/org/apache/pdfbox/fontbox/2.0.21/fontbox-2.0.21.jar:/Users/pradeepsingh/.m2/repository/org/knowm/xchart/xchart/3.6.5/xchart-3.6.5.jar:/Users/pradeepsingh/.m2/repository/de/erichseifert/vectorgraphics2d/VectorGraphics2D/0.13/VectorGraphics2D-0.13.jar:/Users/pradeepsingh/.m2/repository/de/rototor/pdfbox/graphics2d/0.27/graphics2d-0.27.jar:/Users/pradeepsingh/.m2/repository/com/madgag/animated-gif-lib/1.4/animated-gif-lib-1.4.jar:/Users/pradeepsingh/.m2/repository/com/github/vandeseer/easytable/0.7.1/easytable-0.7.1.jar:/Users/pradeepsingh/.m2/repository/com/github/ralfstuckert/pdfbox-layout/pdfbox2-layout/1.0.0/pdfbox2-layout-1.0.0.jar:/Users/pradeepsingh/.m2/repository/org/yaml/snakeyaml/1.27/snakeyaml-1.27.jar:/Users/pradeepsingh/.m2/repository/com/aventstack/klov-reporter/5.0.5/klov-reporter-5.0.5.jar:/Users/pradeepsingh/.m2/repository/org/mongodb/bson/3.6.4/bson-3.6.4.jar:/Users/pradeepsingh/.m2/repository/org/apache/httpcomponents/httpclient/4.5.2/httpclient-4.5.2.jar:/Users/pradeepsingh/.m2/repository/org/apache/httpcomponents/httpcore/4.4.4/httpcore-4.4.4.jar:/Users/pradeepsingh/.m2/repository/commons-logging/commons-logging/1.2/commons-logging-1.2.jar:/Users/pradeepsingh/.m2/repository/org/apache/httpcomponents/httpmime/4.5.2/httpmime-4.5.2.jar:/Users/pradeepsingh/.m2/repository/org/mongodb/mongodb-driver/3.3.0/mongodb-driver-3.3.0.jar:/Users/pradeepsingh/.m2/repository/org/mongodb/mongodb-driver-core/3.3.0/mongodb-driver-core-3.3.0.jar:/Users/pradeepsingh/.m2/repository/org/testng/testng/6.14.3/testng-6.14.3.jar:/Users/pradeepsingh/.m2/repository/com/beust/jcommander/1.72/jcommander-1.72.jar:/Users/pradeepsingh/.m2/repository/org/apache-extras/beanshell/bsh/2.0b6/bsh-2.0b6.jar:/Users/pradeepsingh/.m2/repository/io/cucumber/cucumber-testng/6.9.0/cucumber-testng-6.9.0.jar:/Users/pradeepsingh/.m2/repository/org/apache/poi/poi/4.1.2/poi-4.1.2.jar:/Users/pradeepsingh/.m2/repository/commons-codec/commons-codec/1.13/commons-codec-1.13.jar:/Users/pradeepsingh/.m2/repository/org/apache/commons/commons-collections4/4.4/commons-collections4-4.4.jar:/Users/pradeepsingh/.m2/repository/org/apache/commons/commons-math3/3.6.1/commons-math3-3.6.1.jar:/Users/pradeepsingh/.m2/repository/com/zaxxer/SparseBitSet/1.2/SparseBitSet-1.2.jar:/Users/pradeepsingh/.m2/repository/org/apache/poi/poi-ooxml/4.1.2/poi-ooxml-4.1.2.jar:/Users/pradeepsingh/.m2/repository/org/apache/poi/poi-ooxml-schemas/4.1.2/poi-ooxml-schemas-4.1.2.jar:/Users/pradeepsingh/.m2/repository/org/apache/xmlbeans/xmlbeans/3.1.0/xmlbeans-3.1.0.jar:/Users/pradeepsingh/.m2/repository/org/apache/commons/commons-compress/1.19/commons-compress-1.19.jar:/Users/pradeepsingh/.m2/repository/com/github/virtuald/curvesapi/1.06/curvesapi-1.06.jar:"/>
    <property name="sun.cpu.endian" value="little"/>
    <property name="user.home" value="/Users/pradeepsingh"/>
    <property name="user.language" value="en"/>
    <property name="java.specification.vendor" value="Oracle Corporation"/>
    <property name="java.home" value="/Library/Java/JavaVirtualMachines/jdk1.8.0_281.jdk/Contents/Home/jre"/>
    <property name="basedir" value="/Users/pradeepsingh/Desktop/Automation/AnthivAutomationSolution"/>
    <property name="file.separator" value="/"/>
    <property name="line.separator" value="&#10;"/>
    <property name="java.vm.specification.vendor" value="Oracle Corporation"/>
    <property name="java.specification.name" value="Java Platform API Specification"/>
    <property name="java.awt.graphicsenv" value="sun.awt.CGraphicsEnvironment"/>
    <property name="surefire.real.class.path" value="/Users/pradeepsingh/Desktop/Automation/AnthivAutomationSolution/target/surefire/surefirebooter6639592823376256350.jar"/>
    <property name="sun.boot.class.path" value="/Library/Java/JavaVirtualMachines/jdk1.8.0_281.jdk/Contents/Home/jre/lib/resources.jar:/Library/Java/JavaVirtualMachines/jdk1.8.0_281.jdk/Contents/Home/jre/lib/rt.jar:/Library/Java/JavaVirtualMachines/jdk1.8.0_281.jdk/Contents/Home/jre/lib/sunrsasign.jar:/Library/Java/JavaVirtualMachines/jdk1.8.0_281.jdk/Contents/Home/jre/lib/jsse.jar:/Library/Java/JavaVirtualMachines/jdk1.8.0_281.jdk/Contents/Home/jre/lib/jce.jar:/Library/Java/JavaVirtualMachines/jdk1.8.0_281.jdk/Contents/Home/jre/lib/charsets.jar:/Library/Java/JavaVirtualMachines/jdk1.8.0_281.jdk/Contents/Home/jre/lib/jfr.jar:/Library/Java/JavaVirtualMachines/jdk1.8.0_281.jdk/Contents/Home/jre/classes"/>
    <property name="sun.management.compiler" value="HotSpot 64-Bit Tiered Compilers"/>
    <property name="ftp.nonProxyHosts" value="local|*.local|169.254/16|*.169.254/16"/>
    <property name="java.runtime.version" value="1.8.0_281-b09"/>
    <property name="user.name" value="pradeepsingh"/>
    <property name="path.separator" value=":"/>
    <property name="os.version" value="10.15.5"/>
    <property name="java.endorsed.dirs" value="/Library/Java/JavaVirtualMachines/jdk1.8.0_281.jdk/Contents/Home/jre/lib/endorsed"/>
    <property name="java.runtime.name" value="Java(TM) SE Runtime Environment"/>
    <property name="file.encoding" value="UTF-8"/>
    <property name="java.vm.name" value="Java HotSpot(TM) 64-Bit Server VM"/>
    <property name="localRepository" value="/Users/pradeepsingh/.m2/repository"/>
    <property name="java.vendor.url.bug" value="http://bugreport.sun.com/bugreport/"/>
    <property name="java.io.tmpdir" value="/var/folders/6m/1nb0622d6zn8b_dsg9hbwgdc0000gn/T/"/>
    <property name="java.version" value="1.8.0_281"/>
    <property name="user.dir" value="/Users/pradeepsingh/Desktop/Automation/AnthivAutomationSolution"/>
    <property name="os.arch" value="x86_64"/>
    <property name="java.vm.specification.name" value="Java Virtual Machine Specification"/>
    <property name="java.awt.printerjob" value="sun.lwawt.macosx.CPrinterJob"/>
    <property name="sun.os.patch.level" value="unknown"/>
    <property name="java.library.path" value="/Users/pradeepsingh/Library/Java/Extensions:/Library/Java/Extensions:/Network/Library/Java/Extensions:/System/Library/Java/Extensions:/usr/lib/java:."/>
    <property name="java.vm.info" value="mixed mode"/>
    <property name="java.vendor" value="Oracle Corporation"/>
    <property name="java.vm.version" value="25.281-b09"/>
    <property name="java.ext.dirs" value="/Users/pradeepsingh/Library/Java/Extensions:/Library/Java/JavaVirtualMachines/jdk1.8.0_281.jdk/Contents/Home/jre/lib/ext:/Library/Java/Extensions:/Network/Library/Java/Extensions:/System/Library/Java/Extensions:/usr/lib/java"/>
    <property name="sun.io.unicode.encoding" value="UnicodeBig"/>
    <property name="java.class.version" value="52.0"/>
    <property name="socksNonProxyHosts" value="local|*.local|169.254/16|*.169.254/16"/>
  </properties>
  <testcase name="runScenario" classname="parallel.ParallelRun" time="15.744"/>
  <testcase name="runScenario" classname="parallel.ParallelRun" time="0.361"/>
  <testcase name="runScenario" classname="parallel.ParallelRun" time="2.309">
    <failure type="java.lang.NullPointerException">java.lang.NullPointerException
</failure>
    <system-out><![CDATA[login with: ps8940@gmail.com and Sanvi@123
  When user fills the form from given sheetname "contactus" and rownumber 1                 # parallel.ContactUsSteps.user_fills_the_form_from_given_sheetname_and_rownumber(java.lang.String,java.lang.Integer)
      java.lang.NullPointerException
	at com.qa.utill.ExcelReader.readSheet(ExcelReader.java:49)
	at com.qa.utill.ExcelReader.getData(ExcelReader.java:24)
	at parallel.ContactUsSteps.user_fills_the_form_from_given_sheetname_and_rownumber(ContactUsSteps.java:32)
	at ✽.user fills the form from given sheetname "contactus" and rownumber 1(file:///Users/pradeepsingh/Desktop/Automation/AnthivAutomationSolution/src/test/resources/parallel/ContactUs.feature:5)

  When user fills the form from given sheetname "contactus" and rownumber 2                 # parallel.ContactUsSteps.user_fills_the_form_from_given_sheetname_and_rownumber(java.lang.String,java.lang.Integer)
      java.lang.NullPointerException
	at com.qa.utill.ExcelReader.readSheet(ExcelReader.java:49)
	at com.qa.utill.ExcelReader.getData(ExcelReader.java:24)
	at parallel.ContactUsSteps.user_fills_the_form_from_given_sheetname_and_rownumber(ContactUsSteps.java:32)
	at ✽.user fills the form from given sheetname "contactus" and rownumber 2(file:///Users/pradeepsingh/Desktop/Automation/AnthivAutomationSolution/src/test/resources/parallel/ContactUs.feature:5)

  When user fills the form from given sheetname "contactus" and rownumber 0                 # parallel.ContactUsSteps.user_fills_the_form_from_given_sheetname_and_rownumber(java.lang.String,java.lang.Integer)
      java.lang.NullPointerException
	at com.qa.utill.ExcelReader.readSheet(ExcelReader.java:49)
	at com.qa.utill.ExcelReader.getData(ExcelReader.java:24)
	at parallel.ContactUsSteps.user_fills_the_form_from_given_sheetname_and_rownumber(ContactUsSteps.java:32)
	at ✽.user fills the form from given sheetname "contactus" and rownumber 0(file:///Users/pradeepsingh/Desktop/Automation/AnthivAutomationSolution/src/test/resources/parallel/ContactUs.feature:5)

  When user fills the form from given sheetname "contactus" and rownumber 3                 # parallel.ContactUsSteps.user_fills_the_form_from_given_sheetname_and_rownumber(java.lang.String,java.lang.Integer)
      java.lang.NullPointerException
	at com.qa.utill.ExcelReader.readSheet(ExcelReader.java:49)
	at com.qa.utill.ExcelReader.getData(ExcelReader.java:24)
	at parallel.ContactUsSteps.user_fills_the_form_from_given_sheetname_and_rownumber(ContactUsSteps.java:32)
	at ✽.user fills the form from given sheetname "contactus" and rownumber 3(file:///Users/pradeepsingh/Desktop/Automation/AnthivAutomationSolution/src/test/resources/parallel/ContactUs.feature:5)

  And user clicks on send button                                                            # parallel.ContactUsSteps.user_clicks_on_send_button()
  Then it shows a successful message "Your message has been successfully sent to our team." # parallel.ContactUsSteps.it_shows_a_successful_message(java.lang.String)
  And user clicks on send button                                                            # parallel.ContactUsSteps.user_clicks_on_send_button()
  And user clicks on send button                                                            # parallel.ContactUsSteps.user_clicks_on_send_button()
  Then it shows a successful message "Your message has been successfully sent to our team." # parallel.ContactUsSteps.it_shows_a_successful_message(java.lang.String)
  Then it shows a successful message "Your message has been successfully sent to our team." # parallel.ContactUsSteps.it_shows_a_successful_message(java.lang.String)
  And user clicks on send button                                                            # parallel.ContactUsSteps.user_clicks_on_send_button()
  Then it shows a successful message "Your message has been successfully sent to our team." # parallel.ContactUsSteps.it_shows_a_successful_message(java.lang.String)

    Embedding Contact_Us_scenario_with_different_set_of_data [image/png 318305 bytes]


    Embedding Contact_Us_scenario_with_different_set_of_data [image/png 318305 bytes]


    Embedding Contact_Us_scenario_with_different_set_of_data [image/png 318305 bytes]

  And user clicks on Login button                  # parallel.LoginPageSteps.user_clicks_on_login_button()

    Embedding Contact_Us_scenario_with_different_set_of_data [image/png 318305 bytes]

Page title is: My account - My Store
  Then user gets the title of the page             # parallel.LoginPageSteps.user_gets_the_title_of_the_page()
  And page title should be "My account - My Store" # parallel.LoginPageSteps.page_title_should_be(java.lang.String)
]]></system-out>
    <system-err><![CDATA[Cleaning up unclosed ZipFile for archive /Users/pradeepsingh/Desktop/Automation/AnthivAutomationSolution/./src/main/java/com/qa/utill/automation.xlsx
Cleaning up unclosed ZipFile for archive /Users/pradeepsingh/Desktop/Automation/AnthivAutomationSolution/./src/main/java/com/qa/utill/automation.xlsx
Cleaning up unclosed ZipFile for archive /Users/pradeepsingh/Desktop/Automation/AnthivAutomationSolution/./src/main/java/com/qa/utill/automation.xlsx
Cleaning up unclosed ZipFile for archive /Users/pradeepsingh/Desktop/Automation/AnthivAutomationSolution/./src/main/java/com/qa/utill/automation.xlsx
Mar 28, 2021 10:40:08 PM org.openqa.selenium.remote.ProtocolHandshake createSession
INFO: Detected dialect: W3C
]]></system-err>
  </testcase>
  <testcase name="runScenario" classname="parallel.ParallelRun" time="2.309">
    <failure type="java.lang.NullPointerException">java.lang.NullPointerException
</failure>
  </testcase>
  <testcase name="runScenario" classname="parallel.ParallelRun" time="2.309">
    <failure type="java.lang.NullPointerException">java.lang.NullPointerException
</failure>
  </testcase>
  <testcase name="runScenario" classname="parallel.ParallelRun" time="2.333"/>
  <testcase name="runScenario" classname="parallel.ParallelRun" time="2.343">
    <failure type="java.lang.NullPointerException">java.lang.NullPointerException
</failure>
  </testcase>
  <testcase name="runScenario" classname="parallel.ParallelRun" time="3.021"/>
  <testcase name="runScenario" classname="parallel.ParallelRun" time="3.876"/>
  <testcase name="runScenario" classname="parallel.ParallelRun" time="4.97"/>
  <testcase name="runScenario" classname="parallel.ParallelRun" time="11.086"/>
</testsuite>