<?xml version="1.0" encoding="UTF-8"?>
<!-- Generated by org.testng.reporters.JUnitReportReporter -->
<testsuite skipped="0" hostname="pradeeps-MacBook-Pro.local" name="parallel.ParallelRun" tests="11" failures="0" timestamp="28 Mar 2021 17:10:41 GMT" time="192.368" errors="4">
  <testcase name="runScenario" time="16.109" classname="parallel.ParallelRun"/>
  <testcase name="runScenario" time="18.047" classname="parallel.ParallelRun">
    <error type="java.lang.NullPointerException">
      <![CDATA[java.lang.NullPointerException
at com.qa.utill.ExcelReader.readSheet(ExcelReader.java:49)
at com.qa.utill.ExcelReader.getData(ExcelReader.java:24)
at parallel.ContactUsSteps.user_fills_the_form_from_given_sheetname_and_rownumber(ContactUsSteps.java:32)
at ✽.user fills the form from given sheetname "contactus" and rownumber 0(file:///Users/pradeepsingh/Desktop/Automation/AnthivAutomationSolution/src/test/resources/parallel/ContactUs.feature:5)
]]>
    </error>
  </testcase> <!-- runScenario -->
  <testcase name="runScenario" time="18.047" classname="parallel.ParallelRun">
    <error type="java.lang.NullPointerException">
      <![CDATA[java.lang.NullPointerException
at com.qa.utill.ExcelReader.readSheet(ExcelReader.java:49)
at com.qa.utill.ExcelReader.getData(ExcelReader.java:24)
at parallel.ContactUsSteps.user_fills_the_form_from_given_sheetname_and_rownumber(ContactUsSteps.java:32)
at ✽.user fills the form from given sheetname "contactus" and rownumber 2(file:///Users/pradeepsingh/Desktop/Automation/AnthivAutomationSolution/src/test/resources/parallel/ContactUs.feature:5)
]]>
    </error>
  </testcase> <!-- runScenario -->
  <testcase name="runScenario" time="11.090" classname="parallel.ParallelRun"/>
  <testcase name="runScenario" time="18.091" classname="parallel.ParallelRun">
    <error type="java.lang.NullPointerException">
      <![CDATA[java.lang.NullPointerException
at com.qa.utill.ExcelReader.readSheet(ExcelReader.java:49)
at com.qa.utill.ExcelReader.getData(ExcelReader.java:24)
at parallel.ContactUsSteps.user_fills_the_form_from_given_sheetname_and_rownumber(ContactUsSteps.java:32)
at ✽.user fills the form from given sheetname "contactus" and rownumber 3(file:///Users/pradeepsingh/Desktop/Automation/AnthivAutomationSolution/src/test/resources/parallel/ContactUs.feature:5)
]]>
    </error>
  </testcase> <!-- runScenario -->
  <testcase name="runScenario" time="18.770" classname="parallel.ParallelRun"/>
  <testcase name="runScenario" time="19.623" classname="parallel.ParallelRun"/>
  <testcase name="runScenario" time="18.051" classname="parallel.ParallelRun">
    <error type="java.lang.NullPointerException">
      <![CDATA[java.lang.NullPointerException
at com.qa.utill.ExcelReader.readSheet(ExcelReader.java:49)
at com.qa.utill.ExcelReader.getData(ExcelReader.java:24)
at parallel.ContactUsSteps.user_fills_the_form_from_given_sheetname_and_rownumber(ContactUsSteps.java:32)
at ✽.user fills the form from given sheetname "contactus" and rownumber 1(file:///Users/pradeepsingh/Desktop/Automation/AnthivAutomationSolution/src/test/resources/parallel/ContactUs.feature:5)
]]>
    </error>
  </testcase> <!-- runScenario -->
  <testcase name="runScenario" time="15.741" classname="parallel.ParallelRun"/>
  <testcase name="runScenario" time="18.081" classname="parallel.ParallelRun"/>
  <testcase name="runScenario" time="20.718" classname="parallel.ParallelRun"/>
</testsuite> <!-- parallel.ParallelRun -->
